[debug] [2023-11-29T06:05:33.976Z] ----------------------------------------------------------------------
[debug] [2023-11-29T06:05:33.979Z] Command:       /Users/timothy/.nvm/versions/node/v20.2.0/bin/node /Users/timothy/.nvm/versions/node/v20.2.0/bin/firebase deploy
[debug] [2023-11-29T06:05:33.979Z] CLI Version:   12.9.1
[debug] [2023-11-29T06:05:33.979Z] Platform:      darwin
[debug] [2023-11-29T06:05:33.980Z] Node Version:  v20.2.0
[debug] [2023-11-29T06:05:33.980Z] Time:          Wed Nov 29 2023 09:05:33 GMT+0300 (East Africa Time)
[debug] [2023-11-29T06:05:33.980Z] ----------------------------------------------------------------------
[debug] 
[debug] [2023-11-29T06:05:33.983Z] >>> [apiv2][query] GET https://firebase-public.firebaseio.com/cli.json [none]
[debug] [2023-11-29T06:05:34.073Z] > command requires scopes: ["email","openid","https://www.googleapis.com/auth/cloudplatformprojects.readonly","https://www.googleapis.com/auth/firebase","https://www.googleapis.com/auth/cloud-platform"]
[debug] [2023-11-29T06:05:34.074Z] > authorizing via signed-in user (timothynjihia@gmail.com)
[debug] [2023-11-29T06:05:34.074Z] [iam] checking project doghouse-c77c1 for permissions ["cloudfunctions.functions.create","cloudfunctions.functions.delete","cloudfunctions.functions.get","cloudfunctions.functions.list","cloudfunctions.functions.update","cloudfunctions.operations.get","firebase.projects.get"]
[debug] [2023-11-29T06:05:34.074Z] > refreshing access token with scopes: []
[debug] [2023-11-29T06:05:34.075Z] >>> [apiv2][query] POST https://www.googleapis.com/oauth2/v3/token [none]
[debug] [2023-11-29T06:05:34.075Z] >>> [apiv2][body] POST https://www.googleapis.com/oauth2/v3/token [omitted]
[debug] [2023-11-29T06:05:35.011Z] <<< [apiv2][status] POST https://www.googleapis.com/oauth2/v3/token 200
[debug] [2023-11-29T06:05:35.011Z] <<< [apiv2][body] POST https://www.googleapis.com/oauth2/v3/token [omitted]
[debug] [2023-11-29T06:05:35.030Z] >>> [apiv2][query] POST https://cloudresourcemanager.googleapis.com/v1/projects/doghouse-c77c1:testIamPermissions [none]
[debug] [2023-11-29T06:05:35.030Z] >>> [apiv2][(partial)header] POST https://cloudresourcemanager.googleapis.com/v1/projects/doghouse-c77c1:testIamPermissions x-goog-quota-user=projects/doghouse-c77c1
[debug] [2023-11-29T06:05:35.031Z] >>> [apiv2][body] POST https://cloudresourcemanager.googleapis.com/v1/projects/doghouse-c77c1:testIamPermissions {"permissions":["cloudfunctions.functions.create","cloudfunctions.functions.delete","cloudfunctions.functions.get","cloudfunctions.functions.list","cloudfunctions.functions.update","cloudfunctions.operations.get","firebase.projects.get"]}
[debug] [2023-11-29T06:05:35.261Z] *** [apiv2] error from fetch(https://firebase-public.firebaseio.com/cli.json, {"headers":{},"method":"GET"}): FetchError: request to https://firebase-public.firebaseio.com/cli.json failed, reason: Socket connection timeout
[warn] ⚠  Unable to fetch the CLI MOTD and remote config. 
[debug] [2023-11-29T06:05:35.262Z] Failed to fetch MOTD FirebaseError: Failed to make request to https://firebase-public.firebaseio.com/cli.json
[debug] [2023-11-29T06:05:36.899Z] <<< [apiv2][status] POST https://cloudresourcemanager.googleapis.com/v1/projects/doghouse-c77c1:testIamPermissions 200
[debug] [2023-11-29T06:05:36.900Z] <<< [apiv2][body] POST https://cloudresourcemanager.googleapis.com/v1/projects/doghouse-c77c1:testIamPermissions {"permissions":["cloudfunctions.functions.create","cloudfunctions.functions.delete","cloudfunctions.functions.get","cloudfunctions.functions.list","cloudfunctions.functions.update","cloudfunctions.operations.get","firebase.projects.get"]}
[debug] [2023-11-29T06:05:36.900Z] >>> [apiv2][query] POST https://iam.googleapis.com/v1/projects/doghouse-c77c1/serviceAccounts/doghouse-c77c1@appspot.gserviceaccount.com:testIamPermissions [none]
[debug] [2023-11-29T06:05:36.901Z] >>> [apiv2][body] POST https://iam.googleapis.com/v1/projects/doghouse-c77c1/serviceAccounts/doghouse-c77c1@appspot.gserviceaccount.com:testIamPermissions {"permissions":["iam.serviceAccounts.actAs"]}
[debug] [2023-11-29T06:05:38.708Z] <<< [apiv2][status] POST https://iam.googleapis.com/v1/projects/doghouse-c77c1/serviceAccounts/doghouse-c77c1@appspot.gserviceaccount.com:testIamPermissions 200
[debug] [2023-11-29T06:05:38.708Z] <<< [apiv2][body] POST https://iam.googleapis.com/v1/projects/doghouse-c77c1/serviceAccounts/doghouse-c77c1@appspot.gserviceaccount.com:testIamPermissions {"permissions":["iam.serviceAccounts.actAs"]}
[info] 
[info] === Deploying to 'doghouse-c77c1'...
[info] 
[info] i  deploying functions 
[info] Running command: npm --prefix "$RESOURCE_DIR" run build
[info] ✔  functions: Finished running predeploy script. 
[debug] [2023-11-29T06:05:41.348Z] >>> [apiv2][query] GET https://firebase.googleapis.com/v1beta1/projects/doghouse-c77c1 [none]
[debug] [2023-11-29T06:05:41.965Z] <<< [apiv2][status] GET https://firebase.googleapis.com/v1beta1/projects/doghouse-c77c1 200
[debug] [2023-11-29T06:05:41.966Z] <<< [apiv2][body] GET https://firebase.googleapis.com/v1beta1/projects/doghouse-c77c1 {"projectId":"doghouse-c77c1","projectNumber":"838635783062","displayName":"doghouse","name":"projects/doghouse-c77c1","resources":{"hostingSite":"doghouse-c77c1","storageBucket":"doghouse-c77c1.appspot.com","locationId":"asia-south1"},"state":"ACTIVE","etag":"1_9255caa9-da47-4dba-8350-f2442efc7128"}
[info] i  functions: preparing codebase default for deployment 
[info] i  functions: ensuring required API cloudfunctions.googleapis.com is enabled... 
[info] i  functions: ensuring required API cloudbuild.googleapis.com is enabled... 
[info] i  artifactregistry: ensuring required API artifactregistry.googleapis.com is enabled... 
[debug] [2023-11-29T06:05:41.971Z] >>> [apiv2][query] GET https://serviceusage.googleapis.com/v1/projects/doghouse-c77c1/services/cloudfunctions.googleapis.com [none]
[debug] [2023-11-29T06:05:41.972Z] >>> [apiv2][(partial)header] GET https://serviceusage.googleapis.com/v1/projects/doghouse-c77c1/services/cloudfunctions.googleapis.com x-goog-quota-user=projects/doghouse-c77c1
[debug] [2023-11-29T06:05:41.974Z] >>> [apiv2][query] GET https://serviceusage.googleapis.com/v1/projects/doghouse-c77c1/services/runtimeconfig.googleapis.com [none]
[debug] [2023-11-29T06:05:41.974Z] >>> [apiv2][(partial)header] GET https://serviceusage.googleapis.com/v1/projects/doghouse-c77c1/services/runtimeconfig.googleapis.com x-goog-quota-user=projects/doghouse-c77c1
[debug] [2023-11-29T06:05:41.976Z] >>> [apiv2][query] GET https://serviceusage.googleapis.com/v1/projects/doghouse-c77c1/services/cloudbuild.googleapis.com [none]
[debug] [2023-11-29T06:05:41.977Z] >>> [apiv2][(partial)header] GET https://serviceusage.googleapis.com/v1/projects/doghouse-c77c1/services/cloudbuild.googleapis.com x-goog-quota-user=projects/doghouse-c77c1
[debug] [2023-11-29T06:05:41.979Z] >>> [apiv2][query] GET https://serviceusage.googleapis.com/v1/projects/doghouse-c77c1/services/artifactregistry.googleapis.com [none]
[debug] [2023-11-29T06:05:41.980Z] >>> [apiv2][(partial)header] GET https://serviceusage.googleapis.com/v1/projects/doghouse-c77c1/services/artifactregistry.googleapis.com x-goog-quota-user=projects/doghouse-c77c1
[debug] [2023-11-29T06:05:43.949Z] <<< [apiv2][status] GET https://serviceusage.googleapis.com/v1/projects/doghouse-c77c1/services/artifactregistry.googleapis.com 200
[debug] [2023-11-29T06:05:43.950Z] <<< [apiv2][body] GET https://serviceusage.googleapis.com/v1/projects/doghouse-c77c1/services/artifactregistry.googleapis.com [omitted]
[info] ✔  artifactregistry: required API artifactregistry.googleapis.com is enabled 
[debug] [2023-11-29T06:05:43.952Z] <<< [apiv2][status] GET https://serviceusage.googleapis.com/v1/projects/doghouse-c77c1/services/cloudbuild.googleapis.com 200
[debug] [2023-11-29T06:05:43.952Z] <<< [apiv2][body] GET https://serviceusage.googleapis.com/v1/projects/doghouse-c77c1/services/cloudbuild.googleapis.com [omitted]
[info] ✔  functions: required API cloudbuild.googleapis.com is enabled 
[debug] [2023-11-29T06:05:43.975Z] <<< [apiv2][status] GET https://serviceusage.googleapis.com/v1/projects/doghouse-c77c1/services/runtimeconfig.googleapis.com 200
[debug] [2023-11-29T06:05:43.976Z] <<< [apiv2][body] GET https://serviceusage.googleapis.com/v1/projects/doghouse-c77c1/services/runtimeconfig.googleapis.com [omitted]
[debug] [2023-11-29T06:05:44.031Z] <<< [apiv2][status] GET https://serviceusage.googleapis.com/v1/projects/doghouse-c77c1/services/cloudfunctions.googleapis.com 200
[debug] [2023-11-29T06:05:44.031Z] <<< [apiv2][body] GET https://serviceusage.googleapis.com/v1/projects/doghouse-c77c1/services/cloudfunctions.googleapis.com [omitted]
[info] ✔  functions: required API cloudfunctions.googleapis.com is enabled 
[debug] [2023-11-29T06:05:44.033Z] >>> [apiv2][query] GET https://firebase.googleapis.com/v1beta1/projects/doghouse-c77c1/adminSdkConfig [none]
[debug] [2023-11-29T06:05:44.476Z] <<< [apiv2][status] GET https://firebase.googleapis.com/v1beta1/projects/doghouse-c77c1/adminSdkConfig 200
[debug] [2023-11-29T06:05:44.476Z] <<< [apiv2][body] GET https://firebase.googleapis.com/v1beta1/projects/doghouse-c77c1/adminSdkConfig {"projectId":"doghouse-c77c1","storageBucket":"doghouse-c77c1.appspot.com","locationId":"asia-south1"}
[debug] [2023-11-29T06:05:44.477Z] >>> [apiv2][query] GET https://runtimeconfig.googleapis.com/v1beta1/projects/doghouse-c77c1/configs [none]
[debug] [2023-11-29T06:05:45.763Z] <<< [apiv2][status] GET https://runtimeconfig.googleapis.com/v1beta1/projects/doghouse-c77c1/configs 200
[debug] [2023-11-29T06:05:45.763Z] <<< [apiv2][body] GET https://runtimeconfig.googleapis.com/v1beta1/projects/doghouse-c77c1/configs {}
[debug] [2023-11-29T06:05:45.766Z] Validating nodejs source
[debug] [2023-11-29T06:05:47.609Z] > [functions] package.json contents: {
  "name": "functions",
  "scripts": {
    "build": "tsc",
    "build:watch": "tsc --watch",
    "serve": "npm run build && firebase emulators:start --only functions",
    "shell": "npm run build && firebase functions:shell",
    "start": "npm run shell",
    "deploy": "firebase deploy --only functions",
    "logs": "firebase functions:log"
  },
  "engines": {
    "node": "18"
  },
  "main": "lib/index.js",
  "dependencies": {
    "firebase-admin": "^11.8.0",
    "firebase-functions": "^4.3.1"
  },
  "devDependencies": {
    "typescript": "^4.9.0",
    "firebase-functions-test": "^3.1.0"
  },
  "private": true
}
[debug] [2023-11-29T06:05:47.609Z] Building nodejs source
[info] i  functions: Loading and analyzing source code for codebase default to determine what to deploy 
[debug] [2023-11-29T06:05:47.610Z] Could not find functions.yaml. Must use http discovery
[debug] [2023-11-29T06:05:47.617Z] Found firebase-functions binary at '/Users/timothy/Code/doghouse/functions/node_modules/.bin/firebase-functions'
[info] Serving at port 8129

[debug] [2023-11-29T06:05:47.969Z] Got response from /__/functions.yaml {"endpoints":{"logPetAdded":{"platform":"gcfv1","availableMemoryMb":null,"timeoutSeconds":null,"minInstances":null,"maxInstances":null,"ingressSettings":null,"serviceAccountEmail":null,"vpc":null,"eventTrigger":{"eventType":"providers/cloud.firestore/eventTypes/document.create","eventFilters":{"resource":"projects/doghouse-c77c1/databases/(default)/documents/pets/{docId}"},"retry":false},"labels":{},"entryPoint":"logPetAdded"}},"specVersion":"v1alpha1","requiredAPIs":[]}
[info] i  functions: preparing functions directory for uploading... 
[info] i  functions: packaged /Users/timothy/Code/doghouse/functions (130.41 KB) for uploading 
[debug] [2023-11-29T06:05:53.034Z] >>> [apiv2][query] GET https://cloudfunctions.googleapis.com/v1/projects/doghouse-c77c1/locations/-/functions [none]
[debug] [2023-11-29T06:05:54.098Z] <<< [apiv2][status] GET https://cloudfunctions.googleapis.com/v1/projects/doghouse-c77c1/locations/-/functions 200
[debug] [2023-11-29T06:05:54.098Z] <<< [apiv2][body] GET https://cloudfunctions.googleapis.com/v1/projects/doghouse-c77c1/locations/-/functions {"functions":[{"name":"projects/doghouse-c77c1/locations/us-central1/functions/logPetAdded","eventTrigger":{"eventType":"providers/cloud.firestore/eventTypes/document.create","resource":"projects/doghouse-c77c1/databases/(default)/documents/pets/{docId}","service":"firestore.googleapis.com","failurePolicy":{}},"status":"ACTIVE","entryPoint":"logPetAdded","timeout":"60s","availableMemoryMb":256,"serviceAccountEmail":"doghouse-c77c1@appspot.gserviceaccount.com","updateTime":"2023-11-27T14:35:11.128Z","versionId":"5","labels":{"deployment-tool":"cli-firebase","firebase-functions-hash":"d789ab8e734bc1f56c4553c4642ffd7aea059769"},"sourceUploadUrl":"https://storage.googleapis.com/uploads-650562594686.us-central1.cloudfunctions.appspot.com/c1bbf08b-297f-4e77-83bd-0fc24d640cac.zip","environmentVariables":{"FIREBASE_CONFIG":"{\"projectId\":\"doghouse-c77c1\",\"storageBucket\":\"doghouse-c77c1.appspot.com\",\"locationId\":\"asia-south1\"}","GCLOUD_PROJECT":"doghouse-c77c1","EVENTARC_CLOUD_EVENT_SOURCE":"projects/doghouse-c77c1/locations/us-central1/functions/logPetAdded"},"runtime":"nodejs18","maxInstances":3000,"ingressSettings":"ALLOW_ALL","buildId":"e0232ee5-4866-4408-b809-9fa6f619f2a9","buildEnvironmentVariables":{"GOOGLE_NODE_RUN_SCRIPTS":""},"buildName":"projects/838635783062/locations/us-central1/builds/e0232ee5-4866-4408-b809-9fa6f619f2a9","dockerRegistry":"ARTIFACT_REGISTRY"}]}
[debug] [2023-11-29T06:05:54.100Z] >>> [apiv2][query] GET https://cloudfunctions.googleapis.com/v2/projects/doghouse-c77c1/locations/-/functions filter=environment%3D%22GEN_2%22
[debug] [2023-11-29T06:05:55.163Z] <<< [apiv2][status] GET https://cloudfunctions.googleapis.com/v2/projects/doghouse-c77c1/locations/-/functions 200
[debug] [2023-11-29T06:05:55.163Z] <<< [apiv2][body] GET https://cloudfunctions.googleapis.com/v2/projects/doghouse-c77c1/locations/-/functions {}
[debug] [2023-11-29T06:05:55.167Z] >>> [apiv2][query] GET https://firebase.googleapis.com/v1beta1/projects/doghouse-c77c1 [none]
[debug] [2023-11-29T06:05:56.178Z] *** [apiv2] error from fetch(https://firebase.googleapis.com/v1beta1/projects/doghouse-c77c1, {"headers":{},"method":"GET","signal":{}}): FetchError: request to https://firebase.googleapis.com/v1beta1/projects/doghouse-c77c1 failed, reason: Socket connection timeout
[debug] [2023-11-29T06:05:56.179Z] Failed to make request to https://firebase.googleapis.com/v1beta1/projects/doghouse-c77c1 (original: request to https://firebase.googleapis.com/v1beta1/projects/doghouse-c77c1 failed, reason: Socket connection timeout)
[debug] [2023-11-29T06:05:57.142Z] FirebaseError: Failed to make request to https://firebase.googleapis.com/v1beta1/projects/doghouse-c77c1
    at RetryOperation._fn (/Users/timothy/.nvm/versions/node/v20.2.0/lib/node_modules/firebase-tools/lib/apiv2.js:239:31)
    at process.processTicksAndRejections (node:internal/process/task_queues:95:5)
[error] 
[error] Error: Failed to get Firebase project doghouse-c77c1. Please make sure the project exists and your account has permission to access it.
